<?xml version="1.0" encoding="UTF-8"?>
<!-- Generated by org.testng.reporters.JUnitXMLReporter -->
<testsuite ignored="20" hostname="DESKTOP-FUE1VPB" failures="0" tests="5" name="Test" time="170.988" errors="0" timestamp="2024-07-30T13:39:15 IST">
  <testcase classname="genericliborutility.BaseClass" name="@AfterMethod LogoutOperation" time="12.149">
    <failure type="org.openqa.selenium.StaleElementReferenceException" message="stale element reference: stale element not found
  (Session info: chrome=127.0.6533.72)
For documentation on this error, please visit: https://www.selenium.dev/documentation/webdriver/troubleshooting/errors#stale-element-reference-exception
Build info: version: &amp;apos;4.16.1&amp;apos;, revision: &amp;apos;9b4c83354e&amp;apos;
System info: os.name: &amp;apos;Windows 11&amp;apos;, os.arch: &amp;apos;amd64&amp;apos;, os.version: &amp;apos;10.0&amp;apos;, java.version: &amp;apos;17.0.11&amp;apos;
Driver info: org.openqa.selenium.chrome.ChromeDriver
Command: [38ffe66f850f21307b9fdc4932dc05db, clickElement {id=f.8E174AB158CE932F0F67E46DEAED3EF0.d.D682F590938CAD7140464BF5DAC34F1B.e.470}]
Capabilities {acceptInsecureCerts: false, browserName: chrome, browserVersion: 127.0.6533.72, chrome: {chromedriverVersion: 127.0.6533.72 (9755e24ca85a..., userDataDir: C:\Users\LENOVO\AppData\Loc...}, fedcm:accounts: true, goog:chromeOptions: {debuggerAddress: localhost:64957}, networkConnectionEnabled: false, pageLoadStrategy: normal, platformName: windows, proxy: Proxy(), se:cdp: ws://localhost:64957/devtoo..., se:cdpVersion: 127.0.6533.72, setWindowRect: true, strictFileInteractability: false, timeouts: {implicit: 0, pageLoad: 300000, script: 30000}, unhandledPromptBehavior: dismiss and notify, webauthn:extension:credBlob: true, webauthn:extension:largeBlob: true, webauthn:extension:minPinLength: true, webauthn:extension:prf: true, webauthn:virtualAuthenticators: true}
Element: [[ChromeDriver: chrome on windows (38ffe66f850f21307b9fdc4932dc05db)] -&amp;gt; xpath: //a[text()=&amp;apos;Sign Out&amp;apos;]]
Session ID: 38ffe66f850f21307b9fdc4932dc05db">
      <![CDATA[org.openqa.selenium.StaleElementReferenceException: stale element reference: stale element not found
  (Session info: chrome=127.0.6533.72)
For documentation on this error, please visit: https://www.selenium.dev/documentation/webdriver/troubleshooting/errors#stale-element-reference-exception
Build info: version: '4.16.1', revision: '9b4c83354e'
System info: os.name: 'Windows 11', os.arch: 'amd64', os.version: '10.0', java.version: '17.0.11'
Driver info: org.openqa.selenium.chrome.ChromeDriver
Command: [38ffe66f850f21307b9fdc4932dc05db, clickElement {id=f.8E174AB158CE932F0F67E46DEAED3EF0.d.D682F590938CAD7140464BF5DAC34F1B.e.470}]
Capabilities {acceptInsecureCerts: false, browserName: chrome, browserVersion: 127.0.6533.72, chrome: {chromedriverVersion: 127.0.6533.72 (9755e24ca85a..., userDataDir: C:\Users\LENOVO\AppData\Loc...}, fedcm:accounts: true, goog:chromeOptions: {debuggerAddress: localhost:64957}, networkConnectionEnabled: false, pageLoadStrategy: normal, platformName: windows, proxy: Proxy(), se:cdp: ws://localhost:64957/devtoo..., se:cdpVersion: 127.0.6533.72, setWindowRect: true, strictFileInteractability: false, timeouts: {implicit: 0, pageLoad: 300000, script: 30000}, unhandledPromptBehavior: dismiss and notify, webauthn:extension:credBlob: true, webauthn:extension:largeBlob: true, webauthn:extension:minPinLength: true, webauthn:extension:prf: true, webauthn:virtualAuthenticators: true}
Element: [[ChromeDriver: chrome on windows (38ffe66f850f21307b9fdc4932dc05db)] -> xpath: //a[text()='Sign Out']]
Session ID: 38ffe66f850f21307b9fdc4932dc05db
at org.openqa.selenium.remote.codec.w3c.W3CHttpResponseCodec.createException(W3CHttpResponseCodec.java:200)
at org.openqa.selenium.remote.codec.w3c.W3CHttpResponseCodec.decode(W3CHttpResponseCodec.java:133)
at org.openqa.selenium.remote.codec.w3c.W3CHttpResponseCodec.decode(W3CHttpResponseCodec.java:52)
at org.openqa.selenium.remote.HttpCommandExecutor.execute(HttpCommandExecutor.java:191)
at org.openqa.selenium.remote.service.DriverCommandExecutor.invokeExecute(DriverCommandExecutor.java:200)
at org.openqa.selenium.remote.service.DriverCommandExecutor.execute(DriverCommandExecutor.java:175)
at org.openqa.selenium.remote.RemoteWebDriver.execute(RemoteWebDriver.java:523)
at org.openqa.selenium.remote.RemoteWebElement.execute(RemoteWebElement.java:224)
at org.openqa.selenium.remote.RemoteWebElement.click(RemoteWebElement.java:77)
at org.openqa.selenium.support.pagefactory.internal.LocatingElementHandler.invoke(LocatingElementHandler.java:51)
at jdk.proxy2/jdk.proxy2.$Proxy17.click(Unknown Source)
at objectRpository.HomePage.logoutoperation(HomePage.java:90)
at genericliborutility.BaseClass.LogoutOperation(BaseClass.java:64)
at java.base/java.util.ArrayList.forEach(ArrayList.java:1511)
... Removed 41 stack frames]]>
    </failure>
  </testcase> <!-- @AfterMethod LogoutOperation -->
  <testcase classname="tc_repository.ORG_01" name="ORG01" time="26.319"/>
  <testcase classname="tc_repository.ORG_02" name="ORG02" time="12.634"/>
  <testcase classname="tc_repository.ORG_03" name="ORG03" time="13.247"/>
  <testcase classname="tc_repository.LE_01" name="le01Tc" time="14.291"/>
  <testcase classname="tc_repository.LE_04" name="le04Tc" time="14.892"/>
  <testcase classname="genericliborutility.BaseClass" name="@BeforeSuite CreateDbConnection" time="0.0">
    <ignored/>
  </testcase> <!-- @BeforeSuite CreateDbConnection -->
  <testcase classname="genericliborutility.BaseClass" name="@BeforeSuite CreateDbConnection" time="0.0">
    <ignored/>
  </testcase> <!-- @BeforeSuite CreateDbConnection -->
  <testcase classname="genericliborutility.BaseClass" name="@BeforeSuite CreateDbConnection" time="0.0">
    <ignored/>
  </testcase> <!-- @BeforeSuite CreateDbConnection -->
  <testcase classname="genericliborutility.BaseClass" name="@BeforeSuite CreateDbConnection" time="0.0">
    <ignored/>
  </testcase> <!-- @BeforeSuite CreateDbConnection -->
  <testcase classname="genericliborutility.BaseClass" name="@BeforeSuite CreateDbConnection" time="0.0">
    <ignored/>
  </testcase> <!-- @BeforeSuite CreateDbConnection -->
  <testcase classname="genericliborutility.BaseClass" name="@BeforeSuite CreateDbConnection" time="0.0">
    <ignored/>
  </testcase> <!-- @BeforeSuite CreateDbConnection -->
  <testcase classname="genericliborutility.BaseClass" name="@BeforeSuite CreateDbConnection" time="0.0">
    <ignored/>
  </testcase> <!-- @BeforeSuite CreateDbConnection -->
  <testcase classname="genericliborutility.BaseClass" name="@BeforeSuite CreateDbConnection" time="0.0">
    <ignored/>
  </testcase> <!-- @BeforeSuite CreateDbConnection -->
  <testcase classname="tc_repository.CON_01" name="con01Tc" time="0.0">
    <ignored/>
  </testcase> <!-- con01Tc -->
  <testcase classname="tc_repository.ORG_4" name="ORG01" time="0.0">
    <ignored/>
  </testcase> <!-- ORG01 -->
  <testcase classname="genericliborutility.BaseClass" name="@AfterSuite CloseDbConnection" time="0.0">
    <ignored/>
  </testcase> <!-- @AfterSuite CloseDbConnection -->
  <testcase classname="genericliborutility.BaseClass" name="@AfterSuite CloseDbConnection" time="0.0">
    <ignored/>
  </testcase> <!-- @AfterSuite CloseDbConnection -->
  <testcase classname="genericliborutility.BaseClass" name="@AfterSuite CloseDbConnection" time="0.0">
    <ignored/>
  </testcase> <!-- @AfterSuite CloseDbConnection -->
  <testcase classname="genericliborutility.BaseClass" name="@AfterSuite CloseDbConnection" time="0.0">
    <ignored/>
  </testcase> <!-- @AfterSuite CloseDbConnection -->
  <testcase classname="genericliborutility.BaseClass" name="@AfterSuite CloseDbConnection" time="0.0">
    <ignored/>
  </testcase> <!-- @AfterSuite CloseDbConnection -->
  <testcase classname="genericliborutility.BaseClass" name="@AfterSuite CloseDbConnection" time="0.0">
    <ignored/>
  </testcase> <!-- @AfterSuite CloseDbConnection -->
  <testcase classname="genericliborutility.BaseClass" name="@AfterSuite CloseDbConnection" time="0.0">
    <ignored/>
  </testcase> <!-- @AfterSuite CloseDbConnection -->
  <testcase classname="genericliborutility.BaseClass" name="@AfterSuite CloseDbConnection" time="0.0">
    <ignored/>
  </testcase> <!-- @AfterSuite CloseDbConnection -->
  <testcase classname="tc_repository.LE_02" name="le02Tc" time="0.0">
    <ignored/>
  </testcase> <!-- le02Tc -->
  <testcase classname="tc_repository.LE_03" name="le03Tc" time="0.0">
    <ignored/>
  </testcase> <!-- le03Tc -->
</testsuite> <!-- Test -->
